<?xml version="1.0" encoding="UTF-8"?>
<testsuite name="chapter03.MyDocsConfigurationTest" tests="3" skipped="0" failures="0" errors="0" timestamp="2023-01-22T22:26:36" hostname="Jacobs-MacBook-Pro-4.local" time="0.013">
  <properties/>
  <testcase name="testEngineNonNull" classname="chapter03.MyDocsConfigurationTest" time="0.002"/>
  <testcase name="testFindByType" classname="chapter03.MyDocsConfigurationTest" time="0.001"/>
  <testcase name="testListAll" classname="chapter03.MyDocsConfigurationTest" time="0.0"/>
  <system-out><![CDATA[16:26:36.320 [Test worker] DEBUG org.springframework.test.context.support.AbstractDirtiesContextTestExecutionListener - Before test class: context [DefaultTestContext@5e3d57c7 testClass = MyDocsConfigurationTest, testInstance = [null], testMethod = [null], testException = [null], mergedContextConfiguration = [MergedContextConfiguration@732d0d24 testClass = MyDocsConfigurationTest, locations = '{}', classes = '{class chapter03.MyDocsConfig}', contextInitializerClasses = '[]', activeProfiles = '{}', propertySourceLocations = '{}', propertySourceProperties = '{}', contextCustomizers = set[[empty]], contextLoader = 'org.springframework.test.context.support.DelegatingSmartContextLoader', parent = [null]], attributes = map[[empty]]], class annotated with @DirtiesContext [false] with mode [null].
16:26:36.323 [Test worker] DEBUG org.springframework.test.context.support.DependencyInjectionTestExecutionListener - Performing dependency injection for test context [[DefaultTestContext@5e3d57c7 testClass = MyDocsConfigurationTest, testInstance = chapter03.MyDocsConfigurationTest@2a7ed1f, testMethod = [null], testException = [null], mergedContextConfiguration = [MergedContextConfiguration@732d0d24 testClass = MyDocsConfigurationTest, locations = '{}', classes = '{class chapter03.MyDocsConfig}', contextInitializerClasses = '[]', activeProfiles = '{}', propertySourceLocations = '{}', propertySourceProperties = '{}', contextCustomizers = set[[empty]], contextLoader = 'org.springframework.test.context.support.DelegatingSmartContextLoader', parent = [null]], attributes = map['org.springframework.test.context.event.ApplicationEventsTestExecutionListener.recordApplicationEvents' -> false]]].
16:26:36.323 [Test worker] DEBUG org.springframework.test.context.support.AbstractDelegatingSmartContextLoader - Delegating to AnnotationConfigContextLoader to load context from [MergedContextConfiguration@732d0d24 testClass = MyDocsConfigurationTest, locations = '{}', classes = '{class chapter03.MyDocsConfig}', contextInitializerClasses = '[]', activeProfiles = '{}', propertySourceLocations = '{}', propertySourceProperties = '{}', contextCustomizers = set[[empty]], contextLoader = 'org.springframework.test.context.support.DelegatingSmartContextLoader', parent = [null]].
16:26:36.323 [Test worker] DEBUG org.springframework.test.context.support.AbstractGenericContextLoader - Loading ApplicationContext for merged context configuration [[MergedContextConfiguration@732d0d24 testClass = MyDocsConfigurationTest, locations = '{}', classes = '{class chapter03.MyDocsConfig}', contextInitializerClasses = '[]', activeProfiles = '{}', propertySourceLocations = '{}', propertySourceProperties = '{}', contextCustomizers = set[[empty]], contextLoader = 'org.springframework.test.context.support.DelegatingSmartContextLoader', parent = [null]]].
16:26:36.346 [Test worker] DEBUG org.springframework.core.env.StandardEnvironment - Activating profiles []
16:26:36.346 [Test worker] DEBUG org.springframework.test.context.support.AnnotationConfigContextLoader - Registering component classes: {class chapter03.MyDocsConfig}
16:26:36.367 [Test worker] DEBUG org.springframework.context.support.GenericApplicationContext - Refreshing org.springframework.context.support.GenericApplicationContext@82ea68c
16:26:36.376 [Test worker] DEBUG org.springframework.beans.factory.support.DefaultListableBeanFactory - Creating shared instance of singleton bean 'org.springframework.context.annotation.internalConfigurationAnnotationProcessor'
16:26:36.452 [Test worker] DEBUG org.springframework.beans.factory.support.DefaultListableBeanFactory - Creating shared instance of singleton bean 'org.springframework.context.event.internalEventListenerProcessor'
16:26:36.454 [Test worker] DEBUG org.springframework.beans.factory.support.DefaultListableBeanFactory - Creating shared instance of singleton bean 'org.springframework.context.event.internalEventListenerFactory'
16:26:36.455 [Test worker] DEBUG org.springframework.beans.factory.support.DefaultListableBeanFactory - Creating shared instance of singleton bean 'org.springframework.context.annotation.internalAutowiredAnnotationProcessor'
16:26:36.460 [Test worker] DEBUG org.springframework.beans.factory.support.DefaultListableBeanFactory - Creating shared instance of singleton bean 'myDocsConfig'
16:26:36.462 [Test worker] DEBUG org.springframework.beans.factory.support.DefaultListableBeanFactory - Creating shared instance of singleton bean 'getEngineBean'
16:26:36.480 [Test worker] DEBUG org.springframework.test.context.cache.DefaultCacheAwareContextLoaderDelegate - Storing ApplicationContext [137275020] in cache under key [[MergedContextConfiguration@732d0d24 testClass = MyDocsConfigurationTest, locations = '{}', classes = '{class chapter03.MyDocsConfig}', contextInitializerClasses = '[]', activeProfiles = '{}', propertySourceLocations = '{}', propertySourceProperties = '{}', contextCustomizers = set[[empty]], contextLoader = 'org.springframework.test.context.support.DelegatingSmartContextLoader', parent = [null]]]
16:26:36.481 [Test worker] DEBUG org.springframework.test.context.cache - Spring test ApplicationContext cache statistics: [DefaultContextCache@1e1d3956 size = 1, maxSize = 32, parentContextCount = 0, hitCount = 0, missCount = 1]
16:26:36.490 [Test worker] DEBUG org.springframework.test.context.cache.DefaultCacheAwareContextLoaderDelegate - Retrieved ApplicationContext [137275020] from cache with key [[MergedContextConfiguration@732d0d24 testClass = MyDocsConfigurationTest, locations = '{}', classes = '{class chapter03.MyDocsConfig}', contextInitializerClasses = '[]', activeProfiles = '{}', propertySourceLocations = '{}', propertySourceProperties = '{}', contextCustomizers = set[[empty]], contextLoader = 'org.springframework.test.context.support.DelegatingSmartContextLoader', parent = [null]]]
16:26:36.490 [Test worker] DEBUG org.springframework.test.context.cache - Spring test ApplicationContext cache statistics: [DefaultContextCache@1e1d3956 size = 1, maxSize = 32, parentContextCount = 0, hitCount = 1, missCount = 1]
16:26:36.499 [Test worker] DEBUG org.springframework.test.context.support.AbstractDirtiesContextTestExecutionListener - Before test method: context [DefaultTestContext@5e3d57c7 testClass = MyDocsConfigurationTest, testInstance = chapter03.MyDocsConfigurationTest@2a7ed1f, testMethod = testEngineNonNull@MyDocsBaseTest, testException = [null], mergedContextConfiguration = [MergedContextConfiguration@732d0d24 testClass = MyDocsConfigurationTest, locations = '{}', classes = '{class chapter03.MyDocsConfig}', contextInitializerClasses = '[]', activeProfiles = '{}', propertySourceLocations = '{}', propertySourceProperties = '{}', contextCustomizers = set[[empty]], contextLoader = 'org.springframework.test.context.support.DelegatingSmartContextLoader', parent = [null]], attributes = map['org.springframework.test.context.event.ApplicationEventsTestExecutionListener.recordApplicationEvents' -> false]], class annotated with @DirtiesContext [false] with mode [null], method annotated with @DirtiesContext [false] with mode [null].
16:26:36.500 [Test worker] DEBUG org.springframework.test.context.cache.DefaultCacheAwareContextLoaderDelegate - Retrieved ApplicationContext [137275020] from cache with key [[MergedContextConfiguration@732d0d24 testClass = MyDocsConfigurationTest, locations = '{}', classes = '{class chapter03.MyDocsConfig}', contextInitializerClasses = '[]', activeProfiles = '{}', propertySourceLocations = '{}', propertySourceProperties = '{}', contextCustomizers = set[[empty]], contextLoader = 'org.springframework.test.context.support.DelegatingSmartContextLoader', parent = [null]]]
16:26:36.501 [Test worker] DEBUG org.springframework.test.context.cache - Spring test ApplicationContext cache statistics: [DefaultContextCache@1e1d3956 size = 1, maxSize = 32, parentContextCount = 0, hitCount = 2, missCount = 1]
16:26:36.506 [Test worker] DEBUG org.springframework.test.context.cache.DefaultCacheAwareContextLoaderDelegate - Retrieved ApplicationContext [137275020] from cache with key [[MergedContextConfiguration@732d0d24 testClass = MyDocsConfigurationTest, locations = '{}', classes = '{class chapter03.MyDocsConfig}', contextInitializerClasses = '[]', activeProfiles = '{}', propertySourceLocations = '{}', propertySourceProperties = '{}', contextCustomizers = set[[empty]], contextLoader = 'org.springframework.test.context.support.DelegatingSmartContextLoader', parent = [null]]]
16:26:36.507 [Test worker] DEBUG org.springframework.test.context.cache - Spring test ApplicationContext cache statistics: [DefaultContextCache@1e1d3956 size = 1, maxSize = 32, parentContextCount = 0, hitCount = 3, missCount = 1]
16:26:36.507 [Test worker] DEBUG org.springframework.test.context.support.AbstractDirtiesContextTestExecutionListener - After test method: context [DefaultTestContext@5e3d57c7 testClass = MyDocsConfigurationTest, testInstance = chapter03.MyDocsConfigurationTest@2a7ed1f, testMethod = testEngineNonNull@MyDocsBaseTest, testException = [null], mergedContextConfiguration = [MergedContextConfiguration@732d0d24 testClass = MyDocsConfigurationTest, locations = '{}', classes = '{class chapter03.MyDocsConfig}', contextInitializerClasses = '[]', activeProfiles = '{}', propertySourceLocations = '{}', propertySourceProperties = '{}', contextCustomizers = set[[empty]], contextLoader = 'org.springframework.test.context.support.DelegatingSmartContextLoader', parent = [null]], attributes = map['org.springframework.test.context.event.ApplicationEventsTestExecutionListener.recordApplicationEvents' -> false]], class annotated with @DirtiesContext [false] with mode [null], method annotated with @DirtiesContext [false] with mode [null].
16:26:36.509 [Test worker] DEBUG org.springframework.test.context.support.AbstractDirtiesContextTestExecutionListener - Before test method: context [DefaultTestContext@5e3d57c7 testClass = MyDocsConfigurationTest, testInstance = chapter03.MyDocsConfigurationTest@2a7ed1f, testMethod = testFindByType@MyDocsBaseTest, testException = [null], mergedContextConfiguration = [MergedContextConfiguration@732d0d24 testClass = MyDocsConfigurationTest, locations = '{}', classes = '{class chapter03.MyDocsConfig}', contextInitializerClasses = '[]', activeProfiles = '{}', propertySourceLocations = '{}', propertySourceProperties = '{}', contextCustomizers = set[[empty]], contextLoader = 'org.springframework.test.context.support.DelegatingSmartContextLoader', parent = [null]], attributes = map['org.springframework.test.context.event.ApplicationEventsTestExecutionListener.recordApplicationEvents' -> false]], class annotated with @DirtiesContext [false] with mode [null], method annotated with @DirtiesContext [false] with mode [null].
16:26:36.509 [Test worker] DEBUG org.springframework.test.context.cache.DefaultCacheAwareContextLoaderDelegate - Retrieved ApplicationContext [137275020] from cache with key [[MergedContextConfiguration@732d0d24 testClass = MyDocsConfigurationTest, locations = '{}', classes = '{class chapter03.MyDocsConfig}', contextInitializerClasses = '[]', activeProfiles = '{}', propertySourceLocations = '{}', propertySourceProperties = '{}', contextCustomizers = set[[empty]], contextLoader = 'org.springframework.test.context.support.DelegatingSmartContextLoader', parent = [null]]]
16:26:36.509 [Test worker] DEBUG org.springframework.test.context.cache - Spring test ApplicationContext cache statistics: [DefaultContextCache@1e1d3956 size = 1, maxSize = 32, parentContextCount = 0, hitCount = 4, missCount = 1]
16:26:36.512 [Test worker] DEBUG org.springframework.test.context.cache.DefaultCacheAwareContextLoaderDelegate - Retrieved ApplicationContext [137275020] from cache with key [[MergedContextConfiguration@732d0d24 testClass = MyDocsConfigurationTest, locations = '{}', classes = '{class chapter03.MyDocsConfig}', contextInitializerClasses = '[]', activeProfiles = '{}', propertySourceLocations = '{}', propertySourceProperties = '{}', contextCustomizers = set[[empty]], contextLoader = 'org.springframework.test.context.support.DelegatingSmartContextLoader', parent = [null]]]
16:26:36.512 [Test worker] DEBUG org.springframework.test.context.cache - Spring test ApplicationContext cache statistics: [DefaultContextCache@1e1d3956 size = 1, maxSize = 32, parentContextCount = 0, hitCount = 5, missCount = 1]
16:26:36.512 [Test worker] DEBUG org.springframework.test.context.support.AbstractDirtiesContextTestExecutionListener - After test method: context [DefaultTestContext@5e3d57c7 testClass = MyDocsConfigurationTest, testInstance = chapter03.MyDocsConfigurationTest@2a7ed1f, testMethod = testFindByType@MyDocsBaseTest, testException = [null], mergedContextConfiguration = [MergedContextConfiguration@732d0d24 testClass = MyDocsConfigurationTest, locations = '{}', classes = '{class chapter03.MyDocsConfig}', contextInitializerClasses = '[]', activeProfiles = '{}', propertySourceLocations = '{}', propertySourceProperties = '{}', contextCustomizers = set[[empty]], contextLoader = 'org.springframework.test.context.support.DelegatingSmartContextLoader', parent = [null]], attributes = map['org.springframework.test.context.event.ApplicationEventsTestExecutionListener.recordApplicationEvents' -> false]], class annotated with @DirtiesContext [false] with mode [null], method annotated with @DirtiesContext [false] with mode [null].
16:26:36.514 [Test worker] DEBUG org.springframework.test.context.support.AbstractDirtiesContextTestExecutionListener - Before test method: context [DefaultTestContext@5e3d57c7 testClass = MyDocsConfigurationTest, testInstance = chapter03.MyDocsConfigurationTest@2a7ed1f, testMethod = testListAll@MyDocsBaseTest, testException = [null], mergedContextConfiguration = [MergedContextConfiguration@732d0d24 testClass = MyDocsConfigurationTest, locations = '{}', classes = '{class chapter03.MyDocsConfig}', contextInitializerClasses = '[]', activeProfiles = '{}', propertySourceLocations = '{}', propertySourceProperties = '{}', contextCustomizers = set[[empty]], contextLoader = 'org.springframework.test.context.support.DelegatingSmartContextLoader', parent = [null]], attributes = map['org.springframework.test.context.event.ApplicationEventsTestExecutionListener.recordApplicationEvents' -> false]], class annotated with @DirtiesContext [false] with mode [null], method annotated with @DirtiesContext [false] with mode [null].
16:26:36.514 [Test worker] DEBUG org.springframework.test.context.cache.DefaultCacheAwareContextLoaderDelegate - Retrieved ApplicationContext [137275020] from cache with key [[MergedContextConfiguration@732d0d24 testClass = MyDocsConfigurationTest, locations = '{}', classes = '{class chapter03.MyDocsConfig}', contextInitializerClasses = '[]', activeProfiles = '{}', propertySourceLocations = '{}', propertySourceProperties = '{}', contextCustomizers = set[[empty]], contextLoader = 'org.springframework.test.context.support.DelegatingSmartContextLoader', parent = [null]]]
16:26:36.514 [Test worker] DEBUG org.springframework.test.context.cache - Spring test ApplicationContext cache statistics: [DefaultContextCache@1e1d3956 size = 1, maxSize = 32, parentContextCount = 0, hitCount = 6, missCount = 1]
16:26:36.516 [Test worker] DEBUG org.springframework.test.context.cache.DefaultCacheAwareContextLoaderDelegate - Retrieved ApplicationContext [137275020] from cache with key [[MergedContextConfiguration@732d0d24 testClass = MyDocsConfigurationTest, locations = '{}', classes = '{class chapter03.MyDocsConfig}', contextInitializerClasses = '[]', activeProfiles = '{}', propertySourceLocations = '{}', propertySourceProperties = '{}', contextCustomizers = set[[empty]], contextLoader = 'org.springframework.test.context.support.DelegatingSmartContextLoader', parent = [null]]]
16:26:36.516 [Test worker] DEBUG org.springframework.test.context.cache - Spring test ApplicationContext cache statistics: [DefaultContextCache@1e1d3956 size = 1, maxSize = 32, parentContextCount = 0, hitCount = 7, missCount = 1]
16:26:36.517 [Test worker] DEBUG org.springframework.test.context.support.AbstractDirtiesContextTestExecutionListener - After test method: context [DefaultTestContext@5e3d57c7 testClass = MyDocsConfigurationTest, testInstance = chapter03.MyDocsConfigurationTest@2a7ed1f, testMethod = testListAll@MyDocsBaseTest, testException = [null], mergedContextConfiguration = [MergedContextConfiguration@732d0d24 testClass = MyDocsConfigurationTest, locations = '{}', classes = '{class chapter03.MyDocsConfig}', contextInitializerClasses = '[]', activeProfiles = '{}', propertySourceLocations = '{}', propertySourceProperties = '{}', contextCustomizers = set[[empty]], contextLoader = 'org.springframework.test.context.support.DelegatingSmartContextLoader', parent = [null]], attributes = map['org.springframework.test.context.event.ApplicationEventsTestExecutionListener.recordApplicationEvents' -> false]], class annotated with @DirtiesContext [false] with mode [null], method annotated with @DirtiesContext [false] with mode [null].
]]></system-out>
  <system-err><![CDATA[]]></system-err>
</testsuite>
