<?xml version="1.0" encoding="UTF-8"?>
<testsuite name="chapter02.MyDocumentsSpringTest" tests="1" skipped="0" failures="0" errors="0" timestamp="2023-01-14T22:41:47" hostname="Jacobs-MacBook-Pro-4.local" time="0.005">
  <properties/>
  <testcase name="testFindByType" classname="chapter02.MyDocumentsSpringTest" time="0.005"/>
  <system-out><![CDATA[16:41:46.838 [Test worker] DEBUG org.springframework.test.context.support.AbstractDirtiesContextTestExecutionListener - Before test class: context [DefaultTestContext@1fb19a0 testClass = MyDocumentsSpringTest, testInstance = [null], testMethod = [null], testException = [null], mergedContextConfiguration = [MergedContextConfiguration@6ee4d9ab testClass = MyDocumentsSpringTest, locations = '{}', classes = '{class chapter02.TestConfiguration}', contextInitializerClasses = '[]', activeProfiles = '{}', propertySourceLocations = '{}', propertySourceProperties = '{}', contextCustomizers = set[[empty]], contextLoader = 'org.springframework.test.context.support.DelegatingSmartContextLoader', parent = [null]], attributes = map[[empty]]], class annotated with @DirtiesContext [false] with mode [null].
16:41:46.842 [Test worker] DEBUG org.springframework.test.context.support.DependencyInjectionTestExecutionListener - Performing dependency injection for test context [[DefaultTestContext@1fb19a0 testClass = MyDocumentsSpringTest, testInstance = chapter02.MyDocumentsSpringTest@3224a577, testMethod = [null], testException = [null], mergedContextConfiguration = [MergedContextConfiguration@6ee4d9ab testClass = MyDocumentsSpringTest, locations = '{}', classes = '{class chapter02.TestConfiguration}', contextInitializerClasses = '[]', activeProfiles = '{}', propertySourceLocations = '{}', propertySourceProperties = '{}', contextCustomizers = set[[empty]], contextLoader = 'org.springframework.test.context.support.DelegatingSmartContextLoader', parent = [null]], attributes = map['org.springframework.test.context.event.ApplicationEventsTestExecutionListener.recordApplicationEvents' -> false]]].
16:41:46.843 [Test worker] DEBUG org.springframework.test.context.support.AbstractDelegatingSmartContextLoader - Delegating to AnnotationConfigContextLoader to load context from [MergedContextConfiguration@6ee4d9ab testClass = MyDocumentsSpringTest, locations = '{}', classes = '{class chapter02.TestConfiguration}', contextInitializerClasses = '[]', activeProfiles = '{}', propertySourceLocations = '{}', propertySourceProperties = '{}', contextCustomizers = set[[empty]], contextLoader = 'org.springframework.test.context.support.DelegatingSmartContextLoader', parent = [null]].
16:41:46.843 [Test worker] DEBUG org.springframework.test.context.support.AbstractGenericContextLoader - Loading ApplicationContext for merged context configuration [[MergedContextConfiguration@6ee4d9ab testClass = MyDocumentsSpringTest, locations = '{}', classes = '{class chapter02.TestConfiguration}', contextInitializerClasses = '[]', activeProfiles = '{}', propertySourceLocations = '{}', propertySourceProperties = '{}', contextCustomizers = set[[empty]], contextLoader = 'org.springframework.test.context.support.DelegatingSmartContextLoader', parent = [null]]].
16:41:46.891 [Test worker] DEBUG org.springframework.core.env.StandardEnvironment - Activating profiles []
16:41:46.891 [Test worker] DEBUG org.springframework.test.context.support.AnnotationConfigContextLoader - Registering component classes: {class chapter02.TestConfiguration}
16:41:46.918 [Test worker] DEBUG org.springframework.context.support.GenericApplicationContext - Refreshing org.springframework.context.support.GenericApplicationContext@3af0a9da
16:41:46.932 [Test worker] DEBUG org.springframework.beans.factory.support.DefaultListableBeanFactory - Creating shared instance of singleton bean 'org.springframework.context.annotation.internalConfigurationAnnotationProcessor'
16:41:47.029 [Test worker] DEBUG org.springframework.beans.factory.support.DefaultListableBeanFactory - Creating shared instance of singleton bean 'org.springframework.context.event.internalEventListenerProcessor'
16:41:47.031 [Test worker] DEBUG org.springframework.beans.factory.support.DefaultListableBeanFactory - Creating shared instance of singleton bean 'org.springframework.context.event.internalEventListenerFactory'
16:41:47.032 [Test worker] DEBUG org.springframework.beans.factory.support.DefaultListableBeanFactory - Creating shared instance of singleton bean 'org.springframework.context.annotation.internalAutowiredAnnotationProcessor'
16:41:47.039 [Test worker] DEBUG org.springframework.beans.factory.support.DefaultListableBeanFactory - Creating shared instance of singleton bean 'testConfiguration'
16:41:47.043 [Test worker] DEBUG org.springframework.beans.factory.support.DefaultListableBeanFactory - Creating shared instance of singleton bean 'getEngine'
16:41:47.067 [Test worker] DEBUG org.springframework.test.context.cache.DefaultCacheAwareContextLoaderDelegate - Storing ApplicationContext [988850650] in cache under key [[MergedContextConfiguration@6ee4d9ab testClass = MyDocumentsSpringTest, locations = '{}', classes = '{class chapter02.TestConfiguration}', contextInitializerClasses = '[]', activeProfiles = '{}', propertySourceLocations = '{}', propertySourceProperties = '{}', contextCustomizers = set[[empty]], contextLoader = 'org.springframework.test.context.support.DelegatingSmartContextLoader', parent = [null]]]
16:41:47.068 [Test worker] DEBUG org.springframework.test.context.cache - Spring test ApplicationContext cache statistics: [DefaultContextCache@1623134f size = 1, maxSize = 32, parentContextCount = 0, hitCount = 0, missCount = 1]
16:41:47.077 [Test worker] DEBUG org.springframework.test.context.cache.DefaultCacheAwareContextLoaderDelegate - Retrieved ApplicationContext [988850650] from cache with key [[MergedContextConfiguration@6ee4d9ab testClass = MyDocumentsSpringTest, locations = '{}', classes = '{class chapter02.TestConfiguration}', contextInitializerClasses = '[]', activeProfiles = '{}', propertySourceLocations = '{}', propertySourceProperties = '{}', contextCustomizers = set[[empty]], contextLoader = 'org.springframework.test.context.support.DelegatingSmartContextLoader', parent = [null]]]
16:41:47.077 [Test worker] DEBUG org.springframework.test.context.cache - Spring test ApplicationContext cache statistics: [DefaultContextCache@1623134f size = 1, maxSize = 32, parentContextCount = 0, hitCount = 1, missCount = 1]
16:41:47.087 [Test worker] DEBUG org.springframework.test.context.support.AbstractDirtiesContextTestExecutionListener - Before test method: context [DefaultTestContext@1fb19a0 testClass = MyDocumentsSpringTest, testInstance = chapter02.MyDocumentsSpringTest@3224a577, testMethod = testFindByType@MyDocumentsSpringTest, testException = [null], mergedContextConfiguration = [MergedContextConfiguration@6ee4d9ab testClass = MyDocumentsSpringTest, locations = '{}', classes = '{class chapter02.TestConfiguration}', contextInitializerClasses = '[]', activeProfiles = '{}', propertySourceLocations = '{}', propertySourceProperties = '{}', contextCustomizers = set[[empty]], contextLoader = 'org.springframework.test.context.support.DelegatingSmartContextLoader', parent = [null]], attributes = map['org.springframework.test.context.event.ApplicationEventsTestExecutionListener.recordApplicationEvents' -> false]], class annotated with @DirtiesContext [false] with mode [null], method annotated with @DirtiesContext [false] with mode [null].
16:41:47.088 [Test worker] DEBUG org.springframework.test.context.cache.DefaultCacheAwareContextLoaderDelegate - Retrieved ApplicationContext [988850650] from cache with key [[MergedContextConfiguration@6ee4d9ab testClass = MyDocumentsSpringTest, locations = '{}', classes = '{class chapter02.TestConfiguration}', contextInitializerClasses = '[]', activeProfiles = '{}', propertySourceLocations = '{}', propertySourceProperties = '{}', contextCustomizers = set[[empty]], contextLoader = 'org.springframework.test.context.support.DelegatingSmartContextLoader', parent = [null]]]
16:41:47.088 [Test worker] DEBUG org.springframework.test.context.cache - Spring test ApplicationContext cache statistics: [DefaultContextCache@1623134f size = 1, maxSize = 32, parentContextCount = 0, hitCount = 2, missCount = 1]
16:41:47.091 [Test worker] DEBUG org.springframework.test.context.cache.DefaultCacheAwareContextLoaderDelegate - Retrieved ApplicationContext [988850650] from cache with key [[MergedContextConfiguration@6ee4d9ab testClass = MyDocumentsSpringTest, locations = '{}', classes = '{class chapter02.TestConfiguration}', contextInitializerClasses = '[]', activeProfiles = '{}', propertySourceLocations = '{}', propertySourceProperties = '{}', contextCustomizers = set[[empty]], contextLoader = 'org.springframework.test.context.support.DelegatingSmartContextLoader', parent = [null]]]
16:41:47.091 [Test worker] DEBUG org.springframework.test.context.cache - Spring test ApplicationContext cache statistics: [DefaultContextCache@1623134f size = 1, maxSize = 32, parentContextCount = 0, hitCount = 3, missCount = 1]
16:41:47.093 [Test worker] DEBUG org.springframework.test.context.cache.DefaultCacheAwareContextLoaderDelegate - Retrieved ApplicationContext [988850650] from cache with key [[MergedContextConfiguration@6ee4d9ab testClass = MyDocumentsSpringTest, locations = '{}', classes = '{class chapter02.TestConfiguration}', contextInitializerClasses = '[]', activeProfiles = '{}', propertySourceLocations = '{}', propertySourceProperties = '{}', contextCustomizers = set[[empty]], contextLoader = 'org.springframework.test.context.support.DelegatingSmartContextLoader', parent = [null]]]
16:41:47.094 [Test worker] DEBUG org.springframework.test.context.cache - Spring test ApplicationContext cache statistics: [DefaultContextCache@1623134f size = 1, maxSize = 32, parentContextCount = 0, hitCount = 4, missCount = 1]
16:41:47.096 [Test worker] DEBUG org.springframework.test.context.cache.DefaultCacheAwareContextLoaderDelegate - Retrieved ApplicationContext [988850650] from cache with key [[MergedContextConfiguration@6ee4d9ab testClass = MyDocumentsSpringTest, locations = '{}', classes = '{class chapter02.TestConfiguration}', contextInitializerClasses = '[]', activeProfiles = '{}', propertySourceLocations = '{}', propertySourceProperties = '{}', contextCustomizers = set[[empty]], contextLoader = 'org.springframework.test.context.support.DelegatingSmartContextLoader', parent = [null]]]
16:41:47.096 [Test worker] DEBUG org.springframework.test.context.cache - Spring test ApplicationContext cache statistics: [DefaultContextCache@1623134f size = 1, maxSize = 32, parentContextCount = 0, hitCount = 5, missCount = 1]
16:41:47.096 [Test worker] DEBUG org.springframework.test.context.support.AbstractDirtiesContextTestExecutionListener - After test method: context [DefaultTestContext@1fb19a0 testClass = MyDocumentsSpringTest, testInstance = chapter02.MyDocumentsSpringTest@3224a577, testMethod = testFindByType@MyDocumentsSpringTest, testException = [null], mergedContextConfiguration = [MergedContextConfiguration@6ee4d9ab testClass = MyDocumentsSpringTest, locations = '{}', classes = '{class chapter02.TestConfiguration}', contextInitializerClasses = '[]', activeProfiles = '{}', propertySourceLocations = '{}', propertySourceProperties = '{}', contextCustomizers = set[[empty]], contextLoader = 'org.springframework.test.context.support.DelegatingSmartContextLoader', parent = [null]], attributes = map['org.springframework.test.context.event.ApplicationEventsTestExecutionListener.recordApplicationEvents' -> false]], class annotated with @DirtiesContext [false] with mode [null], method annotated with @DirtiesContext [false] with mode [null].
]]></system-out>
  <system-err><![CDATA[]]></system-err>
</testsuite>
