<?xml version="1.0" encoding="UTF-8"?>
<testsuite name="chapter02.MyDocumentsTest" tests="2" skipped="0" failures="0" errors="0" timestamp="2023-01-22T22:25:10" hostname="Jacobs-MacBook-Pro-4.local" time="0.004">
  <properties/>
  <testcase name="testFindByType" classname="chapter02.MyDocumentsTest" time="0.003"/>
  <testcase name="testListAll" classname="chapter02.MyDocumentsTest" time="0.0"/>
  <system-out><![CDATA[]]></system-out>
  <system-err><![CDATA[]]></system-err>
</testsuite>
