<?xml version="1.0" encoding="UTF-8"?>
<testsuite name="chapter02.MyDocumentsSpringTest" tests="2" skipped="0" failures="0" errors="0" timestamp="2023-01-22T22:25:10" hostname="Jacobs-MacBook-Pro-4.local" time="0.024">
  <properties/>
  <testcase name="testFindByType" classname="chapter02.MyDocumentsSpringTest" time="0.011"/>
  <testcase name="testListAll" classname="chapter02.MyDocumentsSpringTest" time="0.002"/>
  <system-out><![CDATA[16:25:09.624 [Test worker] DEBUG org.springframework.test.context.support.AbstractDirtiesContextTestExecutionListener - Before test class: context [DefaultTestContext@11f0a5a1 testClass = MyDocumentsSpringTest, testInstance = [null], testMethod = [null], testException = [null], mergedContextConfiguration = [MergedContextConfiguration@10f7f7de testClass = MyDocumentsSpringTest, locations = '{}', classes = '{class chapter02.TestConfiguration}', contextInitializerClasses = '[]', activeProfiles = '{}', propertySourceLocations = '{}', propertySourceProperties = '{}', contextCustomizers = set[[empty]], contextLoader = 'org.springframework.test.context.support.DelegatingSmartContextLoader', parent = [null]], attributes = map[[empty]]], class annotated with @DirtiesContext [false] with mode [null].
16:25:09.629 [Test worker] DEBUG org.springframework.test.context.support.DependencyInjectionTestExecutionListener - Performing dependency injection for test context [[DefaultTestContext@11f0a5a1 testClass = MyDocumentsSpringTest, testInstance = chapter02.MyDocumentsSpringTest@37911f88, testMethod = [null], testException = [null], mergedContextConfiguration = [MergedContextConfiguration@10f7f7de testClass = MyDocumentsSpringTest, locations = '{}', classes = '{class chapter02.TestConfiguration}', contextInitializerClasses = '[]', activeProfiles = '{}', propertySourceLocations = '{}', propertySourceProperties = '{}', contextCustomizers = set[[empty]], contextLoader = 'org.springframework.test.context.support.DelegatingSmartContextLoader', parent = [null]], attributes = map['org.springframework.test.context.event.ApplicationEventsTestExecutionListener.recordApplicationEvents' -> false]]].
16:25:09.631 [Test worker] DEBUG org.springframework.test.context.support.AbstractDelegatingSmartContextLoader - Delegating to AnnotationConfigContextLoader to load context from [MergedContextConfiguration@10f7f7de testClass = MyDocumentsSpringTest, locations = '{}', classes = '{class chapter02.TestConfiguration}', contextInitializerClasses = '[]', activeProfiles = '{}', propertySourceLocations = '{}', propertySourceProperties = '{}', contextCustomizers = set[[empty]], contextLoader = 'org.springframework.test.context.support.DelegatingSmartContextLoader', parent = [null]].
16:25:09.631 [Test worker] DEBUG org.springframework.test.context.support.AbstractGenericContextLoader - Loading ApplicationContext for merged context configuration [[MergedContextConfiguration@10f7f7de testClass = MyDocumentsSpringTest, locations = '{}', classes = '{class chapter02.TestConfiguration}', contextInitializerClasses = '[]', activeProfiles = '{}', propertySourceLocations = '{}', propertySourceProperties = '{}', contextCustomizers = set[[empty]], contextLoader = 'org.springframework.test.context.support.DelegatingSmartContextLoader', parent = [null]]].
16:25:09.688 [Test worker] DEBUG org.springframework.core.env.StandardEnvironment - Activating profiles []
16:25:09.688 [Test worker] DEBUG org.springframework.test.context.support.AnnotationConfigContextLoader - Registering component classes: {class chapter02.TestConfiguration}
16:25:09.730 [Test worker] DEBUG org.springframework.context.support.GenericApplicationContext - Refreshing org.springframework.context.support.GenericApplicationContext@4ddbbdf8
16:25:09.744 [Test worker] DEBUG org.springframework.beans.factory.support.DefaultListableBeanFactory - Creating shared instance of singleton bean 'org.springframework.context.annotation.internalConfigurationAnnotationProcessor'
16:25:09.920 [Test worker] DEBUG org.springframework.beans.factory.support.DefaultListableBeanFactory - Creating shared instance of singleton bean 'org.springframework.context.event.internalEventListenerProcessor'
16:25:09.924 [Test worker] DEBUG org.springframework.beans.factory.support.DefaultListableBeanFactory - Creating shared instance of singleton bean 'org.springframework.context.event.internalEventListenerFactory'
16:25:09.926 [Test worker] DEBUG org.springframework.beans.factory.support.DefaultListableBeanFactory - Creating shared instance of singleton bean 'org.springframework.context.annotation.internalAutowiredAnnotationProcessor'
16:25:09.936 [Test worker] DEBUG org.springframework.beans.factory.support.DefaultListableBeanFactory - Creating shared instance of singleton bean 'testConfiguration'
16:25:09.940 [Test worker] DEBUG org.springframework.beans.factory.support.DefaultListableBeanFactory - Creating shared instance of singleton bean 'getEngine'
16:25:09.973 [Test worker] DEBUG org.springframework.test.context.cache.DefaultCacheAwareContextLoaderDelegate - Storing ApplicationContext [1306246648] in cache under key [[MergedContextConfiguration@10f7f7de testClass = MyDocumentsSpringTest, locations = '{}', classes = '{class chapter02.TestConfiguration}', contextInitializerClasses = '[]', activeProfiles = '{}', propertySourceLocations = '{}', propertySourceProperties = '{}', contextCustomizers = set[[empty]], contextLoader = 'org.springframework.test.context.support.DelegatingSmartContextLoader', parent = [null]]]
16:25:09.973 [Test worker] DEBUG org.springframework.test.context.cache - Spring test ApplicationContext cache statistics: [DefaultContextCache@1eb6749b size = 1, maxSize = 32, parentContextCount = 0, hitCount = 0, missCount = 1]
16:25:09.994 [Test worker] DEBUG org.springframework.test.context.cache.DefaultCacheAwareContextLoaderDelegate - Retrieved ApplicationContext [1306246648] from cache with key [[MergedContextConfiguration@10f7f7de testClass = MyDocumentsSpringTest, locations = '{}', classes = '{class chapter02.TestConfiguration}', contextInitializerClasses = '[]', activeProfiles = '{}', propertySourceLocations = '{}', propertySourceProperties = '{}', contextCustomizers = set[[empty]], contextLoader = 'org.springframework.test.context.support.DelegatingSmartContextLoader', parent = [null]]]
16:25:09.994 [Test worker] DEBUG org.springframework.test.context.cache - Spring test ApplicationContext cache statistics: [DefaultContextCache@1eb6749b size = 1, maxSize = 32, parentContextCount = 0, hitCount = 1, missCount = 1]
16:25:10.016 [Test worker] DEBUG org.springframework.test.context.support.AbstractDirtiesContextTestExecutionListener - Before test method: context [DefaultTestContext@11f0a5a1 testClass = MyDocumentsSpringTest, testInstance = chapter02.MyDocumentsSpringTest@37911f88, testMethod = testFindByType@MyDocumentsSpringTest, testException = [null], mergedContextConfiguration = [MergedContextConfiguration@10f7f7de testClass = MyDocumentsSpringTest, locations = '{}', classes = '{class chapter02.TestConfiguration}', contextInitializerClasses = '[]', activeProfiles = '{}', propertySourceLocations = '{}', propertySourceProperties = '{}', contextCustomizers = set[[empty]], contextLoader = 'org.springframework.test.context.support.DelegatingSmartContextLoader', parent = [null]], attributes = map['org.springframework.test.context.event.ApplicationEventsTestExecutionListener.recordApplicationEvents' -> false]], class annotated with @DirtiesContext [false] with mode [null], method annotated with @DirtiesContext [false] with mode [null].
16:25:10.017 [Test worker] DEBUG org.springframework.test.context.cache.DefaultCacheAwareContextLoaderDelegate - Retrieved ApplicationContext [1306246648] from cache with key [[MergedContextConfiguration@10f7f7de testClass = MyDocumentsSpringTest, locations = '{}', classes = '{class chapter02.TestConfiguration}', contextInitializerClasses = '[]', activeProfiles = '{}', propertySourceLocations = '{}', propertySourceProperties = '{}', contextCustomizers = set[[empty]], contextLoader = 'org.springframework.test.context.support.DelegatingSmartContextLoader', parent = [null]]]
16:25:10.018 [Test worker] DEBUG org.springframework.test.context.cache - Spring test ApplicationContext cache statistics: [DefaultContextCache@1eb6749b size = 1, maxSize = 32, parentContextCount = 0, hitCount = 2, missCount = 1]
16:25:10.023 [Test worker] DEBUG org.springframework.test.context.cache.DefaultCacheAwareContextLoaderDelegate - Retrieved ApplicationContext [1306246648] from cache with key [[MergedContextConfiguration@10f7f7de testClass = MyDocumentsSpringTest, locations = '{}', classes = '{class chapter02.TestConfiguration}', contextInitializerClasses = '[]', activeProfiles = '{}', propertySourceLocations = '{}', propertySourceProperties = '{}', contextCustomizers = set[[empty]], contextLoader = 'org.springframework.test.context.support.DelegatingSmartContextLoader', parent = [null]]]
16:25:10.023 [Test worker] DEBUG org.springframework.test.context.cache - Spring test ApplicationContext cache statistics: [DefaultContextCache@1eb6749b size = 1, maxSize = 32, parentContextCount = 0, hitCount = 3, missCount = 1]
16:25:10.029 [Test worker] DEBUG org.springframework.test.context.cache.DefaultCacheAwareContextLoaderDelegate - Retrieved ApplicationContext [1306246648] from cache with key [[MergedContextConfiguration@10f7f7de testClass = MyDocumentsSpringTest, locations = '{}', classes = '{class chapter02.TestConfiguration}', contextInitializerClasses = '[]', activeProfiles = '{}', propertySourceLocations = '{}', propertySourceProperties = '{}', contextCustomizers = set[[empty]], contextLoader = 'org.springframework.test.context.support.DelegatingSmartContextLoader', parent = [null]]]
16:25:10.030 [Test worker] DEBUG org.springframework.test.context.cache - Spring test ApplicationContext cache statistics: [DefaultContextCache@1eb6749b size = 1, maxSize = 32, parentContextCount = 0, hitCount = 4, missCount = 1]
16:25:10.035 [Test worker] DEBUG org.springframework.test.context.cache.DefaultCacheAwareContextLoaderDelegate - Retrieved ApplicationContext [1306246648] from cache with key [[MergedContextConfiguration@10f7f7de testClass = MyDocumentsSpringTest, locations = '{}', classes = '{class chapter02.TestConfiguration}', contextInitializerClasses = '[]', activeProfiles = '{}', propertySourceLocations = '{}', propertySourceProperties = '{}', contextCustomizers = set[[empty]], contextLoader = 'org.springframework.test.context.support.DelegatingSmartContextLoader', parent = [null]]]
16:25:10.036 [Test worker] DEBUG org.springframework.test.context.cache - Spring test ApplicationContext cache statistics: [DefaultContextCache@1eb6749b size = 1, maxSize = 32, parentContextCount = 0, hitCount = 5, missCount = 1]
16:25:10.037 [Test worker] DEBUG org.springframework.test.context.support.AbstractDirtiesContextTestExecutionListener - After test method: context [DefaultTestContext@11f0a5a1 testClass = MyDocumentsSpringTest, testInstance = chapter02.MyDocumentsSpringTest@37911f88, testMethod = testFindByType@MyDocumentsSpringTest, testException = [null], mergedContextConfiguration = [MergedContextConfiguration@10f7f7de testClass = MyDocumentsSpringTest, locations = '{}', classes = '{class chapter02.TestConfiguration}', contextInitializerClasses = '[]', activeProfiles = '{}', propertySourceLocations = '{}', propertySourceProperties = '{}', contextCustomizers = set[[empty]], contextLoader = 'org.springframework.test.context.support.DelegatingSmartContextLoader', parent = [null]], attributes = map['org.springframework.test.context.event.ApplicationEventsTestExecutionListener.recordApplicationEvents' -> false]], class annotated with @DirtiesContext [false] with mode [null], method annotated with @DirtiesContext [false] with mode [null].
16:25:10.040 [Test worker] DEBUG org.springframework.test.context.support.AbstractDirtiesContextTestExecutionListener - Before test method: context [DefaultTestContext@11f0a5a1 testClass = MyDocumentsSpringTest, testInstance = chapter02.MyDocumentsSpringTest@37911f88, testMethod = testListAll@MyDocumentsSpringTest, testException = [null], mergedContextConfiguration = [MergedContextConfiguration@10f7f7de testClass = MyDocumentsSpringTest, locations = '{}', classes = '{class chapter02.TestConfiguration}', contextInitializerClasses = '[]', activeProfiles = '{}', propertySourceLocations = '{}', propertySourceProperties = '{}', contextCustomizers = set[[empty]], contextLoader = 'org.springframework.test.context.support.DelegatingSmartContextLoader', parent = [null]], attributes = map['org.springframework.test.context.event.ApplicationEventsTestExecutionListener.recordApplicationEvents' -> false]], class annotated with @DirtiesContext [false] with mode [null], method annotated with @DirtiesContext [false] with mode [null].
16:25:10.040 [Test worker] DEBUG org.springframework.test.context.cache.DefaultCacheAwareContextLoaderDelegate - Retrieved ApplicationContext [1306246648] from cache with key [[MergedContextConfiguration@10f7f7de testClass = MyDocumentsSpringTest, locations = '{}', classes = '{class chapter02.TestConfiguration}', contextInitializerClasses = '[]', activeProfiles = '{}', propertySourceLocations = '{}', propertySourceProperties = '{}', contextCustomizers = set[[empty]], contextLoader = 'org.springframework.test.context.support.DelegatingSmartContextLoader', parent = [null]]]
16:25:10.040 [Test worker] DEBUG org.springframework.test.context.cache - Spring test ApplicationContext cache statistics: [DefaultContextCache@1eb6749b size = 1, maxSize = 32, parentContextCount = 0, hitCount = 6, missCount = 1]
16:25:10.042 [Test worker] DEBUG org.springframework.test.context.cache.DefaultCacheAwareContextLoaderDelegate - Retrieved ApplicationContext [1306246648] from cache with key [[MergedContextConfiguration@10f7f7de testClass = MyDocumentsSpringTest, locations = '{}', classes = '{class chapter02.TestConfiguration}', contextInitializerClasses = '[]', activeProfiles = '{}', propertySourceLocations = '{}', propertySourceProperties = '{}', contextCustomizers = set[[empty]], contextLoader = 'org.springframework.test.context.support.DelegatingSmartContextLoader', parent = [null]]]
16:25:10.042 [Test worker] DEBUG org.springframework.test.context.cache - Spring test ApplicationContext cache statistics: [DefaultContextCache@1eb6749b size = 1, maxSize = 32, parentContextCount = 0, hitCount = 7, missCount = 1]
16:25:10.042 [Test worker] DEBUG org.springframework.test.context.cache.DefaultCacheAwareContextLoaderDelegate - Retrieved ApplicationContext [1306246648] from cache with key [[MergedContextConfiguration@10f7f7de testClass = MyDocumentsSpringTest, locations = '{}', classes = '{class chapter02.TestConfiguration}', contextInitializerClasses = '[]', activeProfiles = '{}', propertySourceLocations = '{}', propertySourceProperties = '{}', contextCustomizers = set[[empty]], contextLoader = 'org.springframework.test.context.support.DelegatingSmartContextLoader', parent = [null]]]
16:25:10.043 [Test worker] DEBUG org.springframework.test.context.cache - Spring test ApplicationContext cache statistics: [DefaultContextCache@1eb6749b size = 1, maxSize = 32, parentContextCount = 0, hitCount = 8, missCount = 1]
16:25:10.045 [Test worker] DEBUG org.springframework.test.context.cache.DefaultCacheAwareContextLoaderDelegate - Retrieved ApplicationContext [1306246648] from cache with key [[MergedContextConfiguration@10f7f7de testClass = MyDocumentsSpringTest, locations = '{}', classes = '{class chapter02.TestConfiguration}', contextInitializerClasses = '[]', activeProfiles = '{}', propertySourceLocations = '{}', propertySourceProperties = '{}', contextCustomizers = set[[empty]], contextLoader = 'org.springframework.test.context.support.DelegatingSmartContextLoader', parent = [null]]]
16:25:10.045 [Test worker] DEBUG org.springframework.test.context.cache - Spring test ApplicationContext cache statistics: [DefaultContextCache@1eb6749b size = 1, maxSize = 32, parentContextCount = 0, hitCount = 9, missCount = 1]
16:25:10.046 [Test worker] DEBUG org.springframework.test.context.support.AbstractDirtiesContextTestExecutionListener - After test method: context [DefaultTestContext@11f0a5a1 testClass = MyDocumentsSpringTest, testInstance = chapter02.MyDocumentsSpringTest@37911f88, testMethod = testListAll@MyDocumentsSpringTest, testException = [null], mergedContextConfiguration = [MergedContextConfiguration@10f7f7de testClass = MyDocumentsSpringTest, locations = '{}', classes = '{class chapter02.TestConfiguration}', contextInitializerClasses = '[]', activeProfiles = '{}', propertySourceLocations = '{}', propertySourceProperties = '{}', contextCustomizers = set[[empty]], contextLoader = 'org.springframework.test.context.support.DelegatingSmartContextLoader', parent = [null]], attributes = map['org.springframework.test.context.event.ApplicationEventsTestExecutionListener.recordApplicationEvents' -> false]], class annotated with @DirtiesContext [false] with mode [null], method annotated with @DirtiesContext [false] with mode [null].
]]></system-out>
  <system-err><![CDATA[]]></system-err>
</testsuite>
